<?xml version="1.0" encoding="UTF-8"?>
<testng-results ignored="0" total="3" passed="2" failed="1" skipped="0">
  <reporter-output>
  </reporter-output>
  <suite started-at="2023-08-28T09:44:00 IST" name="Suite" finished-at="2023-08-28T09:44:22 IST" duration-ms="22620">
    <groups>
    </groups>
    <test started-at="2023-08-28T09:44:00 IST" name="Test" finished-at="2023-08-28T09:44:22 IST" duration-ms="22620">
      <class name="com.rameshsoft.businesripts.Insttest">
        <test-method is-config="true" signature="beforemethodexecution(java.lang.reflect.Method)[pri:0, instance:com.rameshsoft.businesripts.Insttest@8462f31]" started-at="2023-08-28T09:44:16 IST" name="beforemethodexecution" finished-at="2023-08-28T09:44:16 IST" duration-ms="1" status="PASS">
          <params>
            <param index="0">
              <value>
                <![CDATA[public void com.rameshsoft.businesripts.Insttest.insttest()]]>
              </value>
            </param>
          </params>
          <reporter-output>
          </reporter-output>
        </test-method> <!-- beforemethodexecution -->
        <test-method signature="insttest()[pri:0, instance:com.rameshsoft.businesripts.Insttest@8462f31]" started-at="2023-08-28T09:44:16 IST" name="insttest" finished-at="2023-08-28T09:44:22 IST" duration-ms="6192" status="PASS">
          <reporter-output>
          </reporter-output>
        </test-method> <!-- insttest -->
        <test-method is-config="true" signature="aftertestexecution(org.testng.ITestResult)[pri:0, instance:com.rameshsoft.businesripts.Insttest@8462f31]" started-at="2023-08-28T09:44:22 IST" name="aftertestexecution" finished-at="2023-08-28T09:44:22 IST" duration-ms="6" status="PASS">
          <params>
            <param index="0">
              <value>
                <![CDATA[[TestResult name=insttest status=SUCCESS method=Insttest.insttest()[pri:0, instance:com.rameshsoft.businesripts.Insttest@8462f31] output={null}]]]>
              </value>
            </param>
          </params>
          <reporter-output>
          </reporter-output>
        </test-method> <!-- aftertestexecution -->
      </class> <!-- com.rameshsoft.businesripts.Insttest -->
      <class name="com.rameshsoft.businesripts.Gmailtest">
        <test-method is-config="true" signature="beforemethodexecution(java.lang.reflect.Method)[pri:0, instance:com.rameshsoft.businesripts.Gmailtest@4d1c005e]" started-at="2023-08-28T09:44:02 IST" name="beforemethodexecution" finished-at="2023-08-28T09:44:02 IST" duration-ms="1" status="PASS">
          <params>
            <param index="0">
              <value>
                <![CDATA[public void com.rameshsoft.businesripts.Gmailtest.gmailtest()]]>
              </value>
            </param>
          </params>
          <reporter-output>
          </reporter-output>
        </test-method> <!-- beforemethodexecution -->
        <test-method signature="gmailtest()[pri:0, instance:com.rameshsoft.businesripts.Gmailtest@4d1c005e]" started-at="2023-08-28T09:44:02 IST" name="gmailtest" finished-at="2023-08-28T09:44:16 IST" duration-ms="13794" status="FAIL">
          <exception class="org.openqa.selenium.NoSuchElementException">
            <message>
              <![CDATA[no such element: Unable to locate element: {"method":"css selector","selector":"#identifierNext456"}
  (Session info: chrome=116.0.5845.111)
For documentation on this error, please visit: https://www.selenium.dev/documentation/webdriver/troubleshooting/errors#no-such-element-exception
Build info: version: '4.10.0', revision: 'c14d967899'
System info: os.name: 'Windows 10', os.arch: 'amd64', os.version: '10.0', java.version: '17.0.1'
Driver info: org.openqa.selenium.chrome.ChromeDriver
Command: [0bade1987c0343431108eb8acb22e385, findElement {using=id, value=identifierNext456}]
Capabilities {acceptInsecureCerts: false, browserName: chrome, browserVersion: 116.0.5845.111, chrome: {chromedriverVersion: 116.0.5845.96 (1a3918166880..., userDataDir: C:\Users\Lenovo\AppData\Loc...}, fedcm:accounts: true, goog:chromeOptions: {debuggerAddress: localhost:65070}, networkConnectionEnabled: false, pageLoadStrategy: normal, platformName: windows, proxy: Proxy(), se:cdp: ws://localhost:65070/devtoo..., se:cdpVersion: 116.0.5845.111, setWindowRect: true, strictFileInteractability: false, timeouts: {implicit: 0, pageLoad: 300000, script: 30000}, unhandledPromptBehavior: dismiss and notify, webauthn:extension:credBlob: true, webauthn:extension:largeBlob: true, webauthn:extension:minPinLength: true, webauthn:extension:prf: true, webauthn:virtualAuthenticators: true}
Session ID: 0bade1987c0343431108eb8acb22e385]]>
            </message>
            <full-stacktrace>
              <![CDATA[org.openqa.selenium.NoSuchElementException: no such element: Unable to locate element: {"method":"css selector","selector":"#identifierNext456"}
  (Session info: chrome=116.0.5845.111)
For documentation on this error, please visit: https://www.selenium.dev/documentation/webdriver/troubleshooting/errors#no-such-element-exception
Build info: version: '4.10.0', revision: 'c14d967899'
System info: os.name: 'Windows 10', os.arch: 'amd64', os.version: '10.0', java.version: '17.0.1'
Driver info: org.openqa.selenium.chrome.ChromeDriver
Command: [0bade1987c0343431108eb8acb22e385, findElement {using=id, value=identifierNext456}]
Capabilities {acceptInsecureCerts: false, browserName: chrome, browserVersion: 116.0.5845.111, chrome: {chromedriverVersion: 116.0.5845.96 (1a3918166880..., userDataDir: C:\Users\Lenovo\AppData\Loc...}, fedcm:accounts: true, goog:chromeOptions: {debuggerAddress: localhost:65070}, networkConnectionEnabled: false, pageLoadStrategy: normal, platformName: windows, proxy: Proxy(), se:cdp: ws://localhost:65070/devtoo..., se:cdpVersion: 116.0.5845.111, setWindowRect: true, strictFileInteractability: false, timeouts: {implicit: 0, pageLoad: 300000, script: 30000}, unhandledPromptBehavior: dismiss and notify, webauthn:extension:credBlob: true, webauthn:extension:largeBlob: true, webauthn:extension:minPinLength: true, webauthn:extension:prf: true, webauthn:virtualAuthenticators: true}
Session ID: 0bade1987c0343431108eb8acb22e385
at java.base/jdk.internal.reflect.NativeConstructorAccessorImpl.newInstance0(Native Method)
at java.base/jdk.internal.reflect.NativeConstructorAccessorImpl.newInstance(NativeConstructorAccessorImpl.java:77)
at java.base/jdk.internal.reflect.DelegatingConstructorAccessorImpl.newInstance(DelegatingConstructorAccessorImpl.java:45)
at java.base/java.lang.reflect.Constructor.newInstanceWithCaller(Constructor.java:499)
at java.base/java.lang.reflect.Constructor.newInstance(Constructor.java:480)
at org.openqa.selenium.remote.codec.w3c.W3CHttpResponseCodec.createException(W3CHttpResponseCodec.java:199)
at org.openqa.selenium.remote.codec.w3c.W3CHttpResponseCodec.decode(W3CHttpResponseCodec.java:132)
at org.openqa.selenium.remote.codec.w3c.W3CHttpResponseCodec.decode(W3CHttpResponseCodec.java:51)
at org.openqa.selenium.remote.HttpCommandExecutor.execute(HttpCommandExecutor.java:191)
at org.openqa.selenium.remote.service.DriverCommandExecutor.invokeExecute(DriverCommandExecutor.java:196)
at org.openqa.selenium.remote.service.DriverCommandExecutor.execute(DriverCommandExecutor.java:171)
at org.openqa.selenium.remote.RemoteWebDriver.execute(RemoteWebDriver.java:531)
at org.openqa.selenium.remote.ElementLocation$ElementFinder$2.findElement(ElementLocation.java:165)
at org.openqa.selenium.remote.ElementLocation.findElement(ElementLocation.java:59)
at org.openqa.selenium.remote.RemoteWebDriver.findElement(RemoteWebDriver.java:350)
at org.openqa.selenium.remote.RemoteWebDriver.findElement(RemoteWebDriver.java:344)
at com.rameshsoft.businesripts.Gmailtest.gmailtest(Gmailtest.java:16)
at java.base/jdk.internal.reflect.NativeMethodAccessorImpl.invoke0(Native Method)
at java.base/jdk.internal.reflect.NativeMethodAccessorImpl.invoke(NativeMethodAccessorImpl.java:77)
at java.base/jdk.internal.reflect.DelegatingMethodAccessorImpl.invoke(DelegatingMethodAccessorImpl.java:43)
at java.base/java.lang.reflect.Method.invoke(Method.java:568)
at org.testng.internal.invokers.MethodInvocationHelper.invokeMethod(MethodInvocationHelper.java:139)
at org.testng.internal.invokers.TestInvoker.invokeMethod(TestInvoker.java:664)
at org.testng.internal.invokers.TestInvoker.invokeTestMethod(TestInvoker.java:227)
at org.testng.internal.invokers.MethodRunner.runInSequence(MethodRunner.java:50)
at org.testng.internal.invokers.TestInvoker$MethodInvocationAgent.invoke(TestInvoker.java:957)
at org.testng.internal.invokers.TestInvoker.invokeTestMethods(TestInvoker.java:200)
at org.testng.internal.invokers.TestMethodWorker.invokeTestMethods(TestMethodWorker.java:148)
at org.testng.internal.invokers.TestMethodWorker.run(TestMethodWorker.java:128)
at java.base/java.util.ArrayList.forEach(ArrayList.java:1511)
at org.testng.TestRunner.privateRun(TestRunner.java:848)
at org.testng.TestRunner.run(TestRunner.java:621)
at org.testng.SuiteRunner.runTest(SuiteRunner.java:443)
at org.testng.SuiteRunner.runSequentially(SuiteRunner.java:437)
at org.testng.SuiteRunner.privateRun(SuiteRunner.java:397)
at org.testng.SuiteRunner.run(SuiteRunner.java:336)
at org.testng.SuiteRunnerWorker.runSuite(SuiteRunnerWorker.java:52)
at org.testng.SuiteRunnerWorker.run(SuiteRunnerWorker.java:95)
at org.testng.TestNG.runSuitesSequentially(TestNG.java:1280)
at org.testng.TestNG.runSuitesLocally(TestNG.java:1200)
at org.testng.TestNG.runSuites(TestNG.java:1114)
at org.testng.TestNG.run(TestNG.java:1082)
at org.testng.remote.AbstractRemoteTestNG.run(AbstractRemoteTestNG.java:115)
at org.testng.remote.RemoteTestNG.initAndRun(RemoteTestNG.java:251)
at org.testng.remote.RemoteTestNG.main(RemoteTestNG.java:77)
]]>
            </full-stacktrace>
          </exception> <!-- org.openqa.selenium.NoSuchElementException -->
          <reporter-output>
          </reporter-output>
        </test-method> <!-- gmailtest -->
        <test-method is-config="true" signature="aftertestexecution(org.testng.ITestResult)[pri:0, instance:com.rameshsoft.businesripts.Gmailtest@4d1c005e]" started-at="2023-08-28T09:44:16 IST" name="aftertestexecution" finished-at="2023-08-28T09:44:16 IST" duration-ms="232" status="PASS">
          <params>
            <param index="0">
              <value>
                <![CDATA[[TestResult name=gmailtest status=FAILURE method=Gmailtest.gmailtest()[pri:0, instance:com.rameshsoft.businesripts.Gmailtest@4d1c005e] output={null}]]]>
              </value>
            </param>
          </params>
          <reporter-output>
          </reporter-output>
        </test-method> <!-- aftertestexecution -->
      </class> <!-- com.rameshsoft.businesripts.Gmailtest -->
      <class name="com.rameshsoft.businesripts.Fbtest">
        <test-method is-config="true" signature="openbrowser(java.lang.String)[pri:0, instance:com.rameshsoft.businesripts.Fbtest@31ea9581]" started-at="2023-08-28T09:43:53 IST" name="openbrowser" finished-at="2023-08-28T09:44:00 IST" duration-ms="6571" status="PASS">
          <params>
            <param index="0">
              <value>
                <![CDATA[chrome]]>
              </value>
            </param>
          </params>
          <reporter-output>
          </reporter-output>
        </test-method> <!-- openbrowser -->
        <test-method is-config="true" signature="beforemethodexecution(java.lang.reflect.Method)[pri:0, instance:com.rameshsoft.businesripts.Fbtest@31ea9581]" started-at="2023-08-28T09:44:00 IST" name="beforemethodexecution" finished-at="2023-08-28T09:44:00 IST" duration-ms="2" status="PASS">
          <params>
            <param index="0">
              <value>
                <![CDATA[public void com.rameshsoft.businesripts.Fbtest.fbtest()]]>
              </value>
            </param>
          </params>
          <reporter-output>
          </reporter-output>
        </test-method> <!-- beforemethodexecution -->
        <test-method signature="fbtest()[pri:0, instance:com.rameshsoft.businesripts.Fbtest@31ea9581]" started-at="2023-08-28T09:44:00 IST" name="fbtest" finished-at="2023-08-28T09:44:02 IST" duration-ms="2251" status="PASS">
          <reporter-output>
          </reporter-output>
        </test-method> <!-- fbtest -->
        <test-method is-config="true" signature="aftertestexecution(org.testng.ITestResult)[pri:0, instance:com.rameshsoft.businesripts.Fbtest@31ea9581]" started-at="2023-08-28T09:44:02 IST" name="aftertestexecution" finished-at="2023-08-28T09:44:02 IST" duration-ms="2" status="PASS">
          <params>
            <param index="0">
              <value>
                <![CDATA[[TestResult name=fbtest status=SUCCESS method=Fbtest.fbtest()[pri:0, instance:com.rameshsoft.businesripts.Fbtest@31ea9581] output={null}]]]>
              </value>
            </param>
          </params>
          <reporter-output>
          </reporter-output>
        </test-method> <!-- aftertestexecution -->
        <test-method is-config="true" signature="closebrowser()[pri:0, instance:com.rameshsoft.businesripts.Fbtest@31ea9581]" started-at="2023-08-28T09:44:23 IST" name="closebrowser" finished-at="2023-08-28T09:44:23 IST" duration-ms="504" status="PASS">
          <reporter-output>
          </reporter-output>
        </test-method> <!-- closebrowser -->
      </class> <!-- com.rameshsoft.businesripts.Fbtest -->
    </test> <!-- Test -->
  </suite> <!-- Suite -->
</testng-results>
