<?xml version="1.0" encoding="UTF-8"?>
<testng-results ignored="12" total="16" passed="4" failed="0" skipped="0">
  <reporter-output>
  </reporter-output>
  <suite started-at="2022-03-22T11:05:40 IST" name="Suite" finished-at="2022-03-22T11:06:49 IST" duration-ms="69034">
    <groups>
    </groups>
    <test started-at="2022-03-22T11:05:40 IST" name="Test" finished-at="2022-03-22T11:06:49 IST" duration-ms="69034">
      <class name="com.rameshsoft.automation.appln.bussinessscripts.fbtest">
        <test-method is-config="true" signature="beforetcexecution(java.lang.reflect.Method)[pri:0, instance:com.rameshsoft.automation.appln.bussinessscripts.fbtest@2b30a42c]" started-at="2022-03-22T11:06:08 IST" name="beforetcexecution" finished-at="2022-03-22T11:06:08 IST" duration-ms="2" status="PASS">
          <params>
            <param index="0">
              <value>
                <![CDATA[public void com.rameshsoft.automation.appln.bussinessscripts.fbtest.fbtest() throws java.io.IOException,com.rameshsoft.automation.customisedexceptions.FrameworksException]]>
              </value>
            </param>
          </params>
          <reporter-output>
          </reporter-output>
        </test-method> <!-- beforetcexecution -->
        <test-method signature="fbtest()[pri:0, instance:com.rameshsoft.automation.appln.bussinessscripts.fbtest@2b30a42c]" started-at="2022-03-22T11:06:08 IST" name="fbtest" finished-at="2022-03-22T11:06:15 IST" duration-ms="6730" status="PASS">
          <reporter-output>
          </reporter-output>
        </test-method> <!-- fbtest -->
        <test-method is-config="true" signature="aftertcexecution(org.testng.ITestResult)[pri:0, instance:com.rameshsoft.automation.appln.bussinessscripts.fbtest@2b30a42c]" started-at="2022-03-22T11:06:15 IST" name="aftertcexecution" finished-at="2022-03-22T11:06:15 IST" duration-ms="151" status="PASS">
          <params>
            <param index="0">
              <value>
                <![CDATA[[TestResult name=fbtest status=SUCCESS method=fbtest.fbtest()[pri:0, instance:com.rameshsoft.automation.appln.bussinessscripts.fbtest@2b30a42c] output={null}]]]>
              </value>
            </param>
          </params>
          <reporter-output>
          </reporter-output>
        </test-method> <!-- aftertcexecution -->
      </class> <!-- com.rameshsoft.automation.appln.bussinessscripts.fbtest -->
      <class name="com.rameshsoft.automation.appln.bussinessscripts.gmailtest">
        <test-method is-config="true" signature="openbrowser(java.lang.String)[pri:0, instance:com.rameshsoft.automation.appln.bussinessscripts.gmailtest@6be968ce]" started-at="2022-03-22T11:05:10 IST" name="openbrowser" finished-at="2022-03-22T11:05:40 IST" duration-ms="29821" status="PASS">
          <params>
            <param index="0">
              <value>
                <![CDATA[chrome]]>
              </value>
            </param>
          </params>
          <reporter-output>
          </reporter-output>
        </test-method> <!-- openbrowser -->
        <test-method is-config="true" signature="initTeports()[pri:0, instance:com.rameshsoft.automation.appln.bussinessscripts.gmailtest@6be968ce]" started-at="2022-03-22T11:05:40 IST" name="initTeports" finished-at="2022-03-22T11:05:42 IST" duration-ms="1773" status="PASS">
          <reporter-output>
          </reporter-output>
        </test-method> <!-- initTeports -->
        <test-method is-config="true" signature="beforetcexecution(java.lang.reflect.Method)[pri:0, instance:com.rameshsoft.automation.appln.bussinessscripts.gmailtest@6be968ce]" started-at="2022-03-22T11:05:42 IST" name="beforetcexecution" finished-at="2022-03-22T11:05:42 IST" duration-ms="8" status="PASS">
          <params>
            <param index="0">
              <value>
                <![CDATA[public void com.rameshsoft.automation.appln.bussinessscripts.gmailtest.gmaillogintest() throws java.io.IOException,org.apache.poi.EncryptedDocumentException,org.apache.poi.openxml4j.exceptions.InvalidFormatException,com.rameshsoft.automation.customisedexceptions.FrameworksException]]>
              </value>
            </param>
          </params>
          <reporter-output>
          </reporter-output>
        </test-method> <!-- beforetcexecution -->
        <test-method signature="gmaillogintest()[pri:0, instance:com.rameshsoft.automation.appln.bussinessscripts.gmailtest@6be968ce]" started-at="2022-03-22T11:05:42 IST" name="gmaillogintest" finished-at="2022-03-22T11:06:07 IST" duration-ms="24471" status="PASS">
          <reporter-output>
          </reporter-output>
        </test-method> <!-- gmaillogintest -->
        <test-method is-config="true" signature="aftertcexecution(org.testng.ITestResult)[pri:0, instance:com.rameshsoft.automation.appln.bussinessscripts.gmailtest@6be968ce]" started-at="2022-03-22T11:06:07 IST" name="aftertcexecution" finished-at="2022-03-22T11:06:08 IST" duration-ms="1378" status="PASS">
          <params>
            <param index="0">
              <value>
                <![CDATA[[TestResult name=gmaillogintest status=SUCCESS method=gmailtest.gmaillogintest()[pri:0, instance:com.rameshsoft.automation.appln.bussinessscripts.gmailtest@6be968ce] output={null}]]]>
              </value>
            </param>
          </params>
          <reporter-output>
          </reporter-output>
        </test-method> <!-- aftertcexecution -->
        <test-method is-config="true" signature="generateReports()[pri:0, instance:com.rameshsoft.automation.appln.bussinessscripts.gmailtest@6be968ce]" started-at="2022-03-22T11:06:49 IST" name="generateReports" finished-at="2022-03-22T11:06:49 IST" duration-ms="117" status="PASS">
          <reporter-output>
          </reporter-output>
        </test-method> <!-- generateReports -->
        <test-method is-config="true" signature="closebrowser()[pri:0, instance:com.rameshsoft.automation.appln.bussinessscripts.gmailtest@6be968ce]" started-at="2022-03-22T11:06:49 IST" name="closebrowser" finished-at="2022-03-22T11:06:52 IST" duration-ms="2004" status="FAIL">
          <exception class="org.openqa.selenium.remote.UnreachableBrowserException">
            <message>
              <![CDATA[Error communicating with the remote browser. It may have died.
Build info: version: 'unknown', revision: 'unknown', time: 'unknown'
System info: host: 'LAPTOP-9KUC2J4U', ip: '192.168.43.6', os.name: 'Windows 10', os.arch: 'amd64', os.version: '10.0', java.version: '17.0.1'
Driver info: driver.version: RemoteWebDriver
Capabilities [{networkConnectionEnabled=false, chrome={chromedriverVersion=99.0.4844.51 (d537ec02474b5afe23684e7963d538896c63ac77-refs/branch-heads/4844@{#875}), userDataDir=C:\Users\Lenovo\AppData\Local\Temp\scoped_dir2748_874977800}, timeouts={implicit=0.0, pageLoad=300000.0, script=30000.0}, pageLoadStrategy=normal, unhandledPromptBehavior=dismiss and notify, strictFileInteractability=false, platform=ANY, proxy=Proxy(), goog:chromeOptions={debuggerAddress=localhost:57880}, webauthn:extension:credBlob=true, acceptInsecureCerts=false, browserVersion=99.0.4844.74, browserName=chrome, javascriptEnabled=true, platformName=windows, setWindowRect=true, webauthn:extension:largeBlob=true, webauthn:virtualAuthenticators=true}]
Session ID: 3dd1352b3806ab4e02a6e0aec8010f1d]]>
            </message>
            <full-stacktrace>
              <![CDATA[org.openqa.selenium.remote.UnreachableBrowserException: Error communicating with the remote browser. It may have died.
Build info: version: 'unknown', revision: 'unknown', time: 'unknown'
System info: host: 'LAPTOP-9KUC2J4U', ip: '192.168.43.6', os.name: 'Windows 10', os.arch: 'amd64', os.version: '10.0', java.version: '17.0.1'
Driver info: driver.version: RemoteWebDriver
Capabilities [{networkConnectionEnabled=false, chrome={chromedriverVersion=99.0.4844.51 (d537ec02474b5afe23684e7963d538896c63ac77-refs/branch-heads/4844@{#875}), userDataDir=C:\Users\Lenovo\AppData\Local\Temp\scoped_dir2748_874977800}, timeouts={implicit=0.0, pageLoad=300000.0, script=30000.0}, pageLoadStrategy=normal, unhandledPromptBehavior=dismiss and notify, strictFileInteractability=false, platform=ANY, proxy=Proxy(), goog:chromeOptions={debuggerAddress=localhost:57880}, webauthn:extension:credBlob=true, acceptInsecureCerts=false, browserVersion=99.0.4844.74, browserName=chrome, javascriptEnabled=true, platformName=windows, setWindowRect=true, webauthn:extension:largeBlob=true, webauthn:virtualAuthenticators=true}]
Session ID: 3dd1352b3806ab4e02a6e0aec8010f1d
at org.openqa.selenium.remote.RemoteWebDriver.execute(RemoteWebDriver.java:662)
at org.openqa.selenium.remote.RemoteWebDriver.execute(RemoteWebDriver.java:698)
at org.openqa.selenium.remote.RemoteWebDriver.quit(RemoteWebDriver.java:537)
at com.rameshsoft.automation.base.basetest.closebrowser(basetest.java:70)
at java.base/jdk.internal.reflect.NativeMethodAccessorImpl.invoke0(Native Method)
at java.base/jdk.internal.reflect.NativeMethodAccessorImpl.invoke(NativeMethodAccessorImpl.java:77)
at java.base/jdk.internal.reflect.DelegatingMethodAccessorImpl.invoke(DelegatingMethodAccessorImpl.java:43)
at java.base/java.lang.reflect.Method.invoke(Method.java:568)
at org.testng.internal.MethodInvocationHelper.invokeMethod(MethodInvocationHelper.java:133)
at org.testng.internal.MethodInvocationHelper.invokeMethodConsideringTimeout(MethodInvocationHelper.java:62)
at org.testng.internal.ConfigInvoker.invokeConfigurationMethod(ConfigInvoker.java:385)
at org.testng.internal.ConfigInvoker.invokeConfigurations(ConfigInvoker.java:321)
at org.testng.SuiteRunner.privateRun(SuiteRunner.java:344)
at org.testng.SuiteRunner.run(SuiteRunner.java:276)
at org.testng.SuiteRunnerWorker.runSuite(SuiteRunnerWorker.java:53)
at org.testng.SuiteRunnerWorker.run(SuiteRunnerWorker.java:96)
at org.testng.TestNG.runSuitesSequentially(TestNG.java:1212)
at org.testng.TestNG.runSuitesLocally(TestNG.java:1134)
at org.testng.TestNG.runSuites(TestNG.java:1063)
at org.testng.TestNG.run(TestNG.java:1031)
at org.testng.remote.AbstractRemoteTestNG.run(AbstractRemoteTestNG.java:115)
at org.testng.remote.RemoteTestNG.initAndRun(RemoteTestNG.java:251)
at org.testng.remote.RemoteTestNG.main(RemoteTestNG.java:77)
Caused by: java.lang.RuntimeException: Process refused to die after 10 seconds, and couldn't taskkill it: Couldn't detect pid
at org.openqa.selenium.os.ProcessUtils.killWinProcess(ProcessUtils.java:133)
at org.openqa.selenium.os.ProcessUtils.killProcess(ProcessUtils.java:81)
at org.openqa.selenium.os.UnixProcess$SeleniumWatchDog.destroyHarder(UnixProcess.java:265)
at org.openqa.selenium.os.UnixProcess$SeleniumWatchDog.access$200(UnixProcess.java:219)
at org.openqa.selenium.os.UnixProcess.destroy(UnixProcess.java:127)
at org.openqa.selenium.os.CommandLine.destroy(CommandLine.java:153)
at org.openqa.selenium.remote.service.DriverService.stop(DriverService.java:220)
at org.openqa.selenium.remote.service.DriverCommandExecutor.execute(DriverCommandExecutor.java:94)
at org.openqa.selenium.remote.RemoteWebDriver.execute(RemoteWebDriver.java:641)
... 22 more
Caused by: java.lang.RuntimeException: Couldn't detect pid
at org.openqa.selenium.os.ProcessUtils.getProcessId(ProcessUtils.java:195)
at org.openqa.selenium.os.ProcessUtils.killWinProcess(ProcessUtils.java:128)
... 30 more
Caused by: java.lang.reflect.InaccessibleObjectException: Unable to make field private final long java.lang.ProcessImpl.handle accessible: module java.base does not "opens java.lang" to unnamed module @50f8360d
at java.base/java.lang.reflect.AccessibleObject.checkCanSetAccessible(AccessibleObject.java:354)
at java.base/java.lang.reflect.AccessibleObject.checkCanSetAccessible(AccessibleObject.java:297)
at java.base/java.lang.reflect.Field.checkCanSetAccessible(Field.java:178)
at java.base/java.lang.reflect.Field.setAccessible(Field.java:172)
at org.openqa.selenium.os.ProcessUtils.getProcessId(ProcessUtils.java:181)
... 31 more
]]>
            </full-stacktrace>
          </exception> <!-- org.openqa.selenium.remote.UnreachableBrowserException -->
          <reporter-output>
          </reporter-output>
        </test-method> <!-- closebrowser -->
      </class> <!-- com.rameshsoft.automation.appln.bussinessscripts.gmailtest -->
      <class name="com.rameshsoft.automation.appln.bussinessscripts.InstTest">
        <test-method is-config="true" signature="beforetcexecution(java.lang.reflect.Method)[pri:0, instance:com.rameshsoft.automation.appln.bussinessscripts.InstTest@359df09a]" started-at="2022-03-22T11:06:27 IST" name="beforetcexecution" finished-at="2022-03-22T11:06:27 IST" duration-ms="2" status="PASS">
          <params>
            <param index="0">
              <value>
                <![CDATA[public void com.rameshsoft.automation.appln.bussinessscripts.InstTest.instTest() throws java.io.IOException,java.lang.InterruptedException,com.rameshsoft.automation.customisedexceptions.FrameworksException]]>
              </value>
            </param>
          </params>
          <reporter-output>
          </reporter-output>
        </test-method> <!-- beforetcexecution -->
        <test-method signature="instTest()[pri:0, instance:com.rameshsoft.automation.appln.bussinessscripts.InstTest@359df09a]" started-at="2022-03-22T11:06:27 IST" name="instTest" finished-at="2022-03-22T11:06:49 IST" duration-ms="21470" status="PASS">
          <reporter-output>
          </reporter-output>
        </test-method> <!-- instTest -->
        <test-method is-config="true" signature="aftertcexecution(org.testng.ITestResult)[pri:0, instance:com.rameshsoft.automation.appln.bussinessscripts.InstTest@359df09a]" started-at="2022-03-22T11:06:49 IST" name="aftertcexecution" finished-at="2022-03-22T11:06:49 IST" duration-ms="210" status="PASS">
          <params>
            <param index="0">
              <value>
                <![CDATA[[TestResult name=instTest status=SUCCESS method=InstTest.instTest()[pri:0, instance:com.rameshsoft.automation.appln.bussinessscripts.InstTest@359df09a] output={null}]]]>
              </value>
            </param>
          </params>
          <reporter-output>
          </reporter-output>
        </test-method> <!-- aftertcexecution -->
      </class> <!-- com.rameshsoft.automation.appln.bussinessscripts.InstTest -->
      <class name="com.rameshsoft.automation.appln.bussinessscripts.fptest">
        <test-method is-config="true" signature="beforetcexecution(java.lang.reflect.Method)[pri:0, instance:com.rameshsoft.automation.appln.bussinessscripts.fptest@609e8838]" started-at="2022-03-22T11:06:15 IST" name="beforetcexecution" finished-at="2022-03-22T11:06:15 IST" duration-ms="2" status="PASS">
          <params>
            <param index="0">
              <value>
                <![CDATA[public void com.rameshsoft.automation.appln.bussinessscripts.fptest.flpkrttest() throws com.rameshsoft.automation.customisedexceptions.FrameworksException,java.io.IOException]]>
              </value>
            </param>
          </params>
          <reporter-output>
          </reporter-output>
        </test-method> <!-- beforetcexecution -->
        <test-method signature="flpkrttest()[pri:0, instance:com.rameshsoft.automation.appln.bussinessscripts.fptest@609e8838]" started-at="2022-03-22T11:06:15 IST" name="flpkrttest" finished-at="2022-03-22T11:06:27 IST" duration-ms="12385" status="PASS">
          <reporter-output>
          </reporter-output>
        </test-method> <!-- flpkrttest -->
        <test-method is-config="true" signature="aftertcexecution(org.testng.ITestResult)[pri:0, instance:com.rameshsoft.automation.appln.bussinessscripts.fptest@609e8838]" started-at="2022-03-22T11:06:27 IST" name="aftertcexecution" finished-at="2022-03-22T11:06:27 IST" duration-ms="192" status="PASS">
          <params>
            <param index="0">
              <value>
                <![CDATA[[TestResult name=flpkrttest status=SUCCESS method=fptest.flpkrttest()[pri:0, instance:com.rameshsoft.automation.appln.bussinessscripts.fptest@609e8838] output={null}]]]>
              </value>
            </param>
          </params>
          <reporter-output>
          </reporter-output>
        </test-method> <!-- aftertcexecution -->
      </class> <!-- com.rameshsoft.automation.appln.bussinessscripts.fptest -->
    </test> <!-- Test -->
  </suite> <!-- Suite -->
</testng-results>
