<?xml version="1.0" encoding="UTF-8"?>
<testng-results skipped="0" failed="1" ignored="6" retried="1" total="11" passed="3">
  <reporter-output>
  </reporter-output>
  <suite name="Suite" duration-ms="190640" started-at="2022-03-04T14:00:15 IST" finished-at="2022-03-04T14:03:25 IST">
    <groups>
    </groups>
    <test name="Test" duration-ms="190640" started-at="2022-03-04T14:00:15 IST" finished-at="2022-03-04T14:03:25 IST">
      <class name="com.rameshsoft.automation.appln.bussinessscripts.fbtest">
        <test-method status="PASS" signature="beforetcexecution(java.lang.reflect.Method)[pri:0, instance:com.rameshsoft.automation.appln.bussinessscripts.fbtest@35fc6dc4]" name="beforetcexecution" is-config="true" duration-ms="1" started-at="2022-03-04T14:03:21 IST" finished-at="2022-03-04T14:03:21 IST">
          <params>
            <param index="0">
              <value>
                <![CDATA[public void com.rameshsoft.automation.appln.bussinessscripts.fbtest.fbtest()]]>
              </value>
            </param>
          </params>
          <reporter-output>
          </reporter-output>
        </test-method> <!-- beforetcexecution -->
        <test-method status="PASS" signature="fbtest()[pri:0, instance:com.rameshsoft.automation.appln.bussinessscripts.fbtest@35fc6dc4]" name="fbtest" duration-ms="3956" started-at="2022-03-04T14:03:21 IST" finished-at="2022-03-04T14:03:25 IST">
          <reporter-output>
          </reporter-output>
        </test-method> <!-- fbtest -->
        <test-method status="PASS" signature="aftertcexecution(org.testng.ITestResult)[pri:0, instance:com.rameshsoft.automation.appln.bussinessscripts.fbtest@35fc6dc4]" name="aftertcexecution" is-config="true" duration-ms="0" started-at="2022-03-04T14:03:25 IST" finished-at="2022-03-04T14:03:25 IST">
          <params>
            <param index="0">
              <value>
                <![CDATA[[TestResult name=fbtest status=SUCCESS method=fbtest.fbtest()[pri:0, instance:com.rameshsoft.automation.appln.bussinessscripts.fbtest@35fc6dc4] output={null}]]]>
              </value>
            </param>
          </params>
          <reporter-output>
          </reporter-output>
        </test-method> <!-- aftertcexecution -->
      </class> <!-- com.rameshsoft.automation.appln.bussinessscripts.fbtest -->
      <class name="com.rameshsoft.automation.appln.bussinessscripts.gmailtest">
        <test-method status="PASS" signature="beforetcexecution(java.lang.reflect.Method)[pri:0, instance:com.rameshsoft.automation.appln.bussinessscripts.gmailtest@77e4c80f]" name="beforetcexecution" is-config="true" duration-ms="1" started-at="2022-03-04T14:01:23 IST" finished-at="2022-03-04T14:01:23 IST">
          <params>
            <param index="0">
              <value>
                <![CDATA[public void com.rameshsoft.automation.appln.bussinessscripts.gmailtest.gmaillogintest()]]>
              </value>
            </param>
          </params>
          <reporter-output>
          </reporter-output>
        </test-method> <!-- beforetcexecution -->
        <test-method status="SKIP" signature="gmaillogintest()[pri:0, instance:com.rameshsoft.automation.appln.bussinessscripts.gmailtest@77e4c80f]" name="gmaillogintest" duration-ms="57982" retried="true" started-at="2022-03-04T14:01:23 IST" finished-at="2022-03-04T14:02:21 IST">
          <exception class="org.openqa.selenium.NoSuchElementException">
            <message>
              <![CDATA[no such element: Unable to locate element: {"method":"css selector","selector":"#identifierNext123"}
  (Session info: chrome=99.0.4844.51)
For documentation on this error, please visit: http://seleniumhq.org/exceptions/no_such_element.html
Build info: version: 'unknown', revision: 'unknown', time: 'unknown'
System info: host: 'LAPTOP-9KUC2J4U', ip: '192.168.43.6', os.name: 'Windows 10', os.arch: 'amd64', os.version: '10.0', java.version: '1.8.0_311'
Driver info: org.openqa.selenium.chrome.ChromeDriver
Capabilities [{networkConnectionEnabled=false, chrome={chromedriverVersion=98.0.4758.80 (7f0488e8ba0d8e019187c6325a16c29d9b7f4989-refs/branch-heads/4758@{#972}), userDataDir=C:\Users\Lenovo\AppData\Local\Temp\scoped_dir14224_221372863}, timeouts={implicit=0.0, pageLoad=300000.0, script=30000.0}, pageLoadStrategy=normal, unhandledPromptBehavior=dismiss and notify, strictFileInteractability=false, platform=ANY, proxy=Proxy(), goog:chromeOptions={debuggerAddress=localhost:55212}, webauthn:extension:credBlob=true, acceptInsecureCerts=false, browserVersion=99.0.4844.51, browserName=chrome, javascriptEnabled=true, platformName=windows, setWindowRect=true, webauthn:extension:largeBlob=true, webauthn:virtualAuthenticators=true}]
Session ID: b7c025b8757c3b5486a98356e86d7580
*** Element info: {Using=id, value=identifierNext123}]]>
            </message>
            <full-stacktrace>
              <![CDATA[org.openqa.selenium.NoSuchElementException: no such element: Unable to locate element: {"method":"css selector","selector":"#identifierNext123"}
  (Session info: chrome=99.0.4844.51)
For documentation on this error, please visit: http://seleniumhq.org/exceptions/no_such_element.html
Build info: version: 'unknown', revision: 'unknown', time: 'unknown'
System info: host: 'LAPTOP-9KUC2J4U', ip: '192.168.43.6', os.name: 'Windows 10', os.arch: 'amd64', os.version: '10.0', java.version: '1.8.0_311'
Driver info: org.openqa.selenium.chrome.ChromeDriver
Capabilities [{networkConnectionEnabled=false, chrome={chromedriverVersion=98.0.4758.80 (7f0488e8ba0d8e019187c6325a16c29d9b7f4989-refs/branch-heads/4758@{#972}), userDataDir=C:\Users\Lenovo\AppData\Local\Temp\scoped_dir14224_221372863}, timeouts={implicit=0.0, pageLoad=300000.0, script=30000.0}, pageLoadStrategy=normal, unhandledPromptBehavior=dismiss and notify, strictFileInteractability=false, platform=ANY, proxy=Proxy(), goog:chromeOptions={debuggerAddress=localhost:55212}, webauthn:extension:credBlob=true, acceptInsecureCerts=false, browserVersion=99.0.4844.51, browserName=chrome, javascriptEnabled=true, platformName=windows, setWindowRect=true, webauthn:extension:largeBlob=true, webauthn:virtualAuthenticators=true}]
Session ID: b7c025b8757c3b5486a98356e86d7580
*** Element info: {Using=id, value=identifierNext123}
at sun.reflect.NativeConstructorAccessorImpl.newInstance0(Native Method)
at sun.reflect.NativeConstructorAccessorImpl.newInstance(Unknown Source)
at sun.reflect.DelegatingConstructorAccessorImpl.newInstance(Unknown Source)
at java.lang.reflect.Constructor.newInstance(Unknown Source)
at org.openqa.selenium.remote.http.W3CHttpResponseCodec.createException(W3CHttpResponseCodec.java:185)
at org.openqa.selenium.remote.http.W3CHttpResponseCodec.decode(W3CHttpResponseCodec.java:120)
at org.openqa.selenium.remote.http.W3CHttpResponseCodec.decode(W3CHttpResponseCodec.java:49)
at org.openqa.selenium.remote.HttpCommandExecutor.execute(HttpCommandExecutor.java:164)
at org.openqa.selenium.remote.service.DriverCommandExecutor.execute(DriverCommandExecutor.java:82)
at org.openqa.selenium.remote.RemoteWebDriver.execute(RemoteWebDriver.java:641)
at org.openqa.selenium.remote.RemoteWebDriver.findElement(RemoteWebDriver.java:414)
at org.openqa.selenium.remote.RemoteWebDriver.findElementById(RemoteWebDriver.java:457)
at org.openqa.selenium.By$ById.findElement(By.java:218)
at org.openqa.selenium.remote.RemoteWebDriver.findElement(RemoteWebDriver.java:406)
at com.rameshsoft.automation.appln.bussinessscripts.gmailtest.gmaillogintest(gmailtest.java:18)
at sun.reflect.NativeMethodAccessorImpl.invoke0(Native Method)
at sun.reflect.NativeMethodAccessorImpl.invoke(Unknown Source)
at sun.reflect.DelegatingMethodAccessorImpl.invoke(Unknown Source)
at java.lang.reflect.Method.invoke(Unknown Source)
at org.testng.internal.MethodInvocationHelper.invokeMethod(MethodInvocationHelper.java:133)
at org.testng.internal.TestInvoker.invokeMethod(TestInvoker.java:598)
at org.testng.internal.TestInvoker.invokeTestMethod(TestInvoker.java:173)
at org.testng.internal.MethodRunner.runInSequence(MethodRunner.java:46)
at org.testng.internal.TestInvoker$MethodInvocationAgent.invoke(TestInvoker.java:824)
at org.testng.internal.TestInvoker.invokeTestMethods(TestInvoker.java:146)
at org.testng.internal.TestMethodWorker.invokeTestMethods(TestMethodWorker.java:146)
at org.testng.internal.TestMethodWorker.run(TestMethodWorker.java:128)
at java.util.ArrayList.forEach(Unknown Source)
at org.testng.TestRunner.privateRun(TestRunner.java:794)
at org.testng.TestRunner.run(TestRunner.java:596)
at org.testng.SuiteRunner.runTest(SuiteRunner.java:377)
at org.testng.SuiteRunner.runSequentially(SuiteRunner.java:371)
at org.testng.SuiteRunner.privateRun(SuiteRunner.java:332)
at org.testng.SuiteRunner.run(SuiteRunner.java:276)
at org.testng.SuiteRunnerWorker.runSuite(SuiteRunnerWorker.java:53)
at org.testng.SuiteRunnerWorker.run(SuiteRunnerWorker.java:96)
at org.testng.TestNG.runSuitesSequentially(TestNG.java:1212)
at org.testng.TestNG.runSuitesLocally(TestNG.java:1134)
at org.testng.TestNG.runSuites(TestNG.java:1063)
at org.testng.TestNG.run(TestNG.java:1031)
at org.testng.remote.AbstractRemoteTestNG.run(AbstractRemoteTestNG.java:115)
at org.testng.remote.RemoteTestNG.initAndRun(RemoteTestNG.java:251)
at org.testng.remote.RemoteTestNG.main(RemoteTestNG.java:77)
]]>
            </full-stacktrace>
          </exception> <!-- org.openqa.selenium.NoSuchElementException -->
          <reporter-output>
          </reporter-output>
        </test-method> <!-- gmaillogintest -->
        <test-method status="PASS" signature="aftertcexecution(org.testng.ITestResult)[pri:0, instance:com.rameshsoft.automation.appln.bussinessscripts.gmailtest@77e4c80f]" name="aftertcexecution" is-config="true" duration-ms="411" started-at="2022-03-04T14:02:24 IST" finished-at="2022-03-04T14:02:25 IST">
          <params>
            <param index="0">
              <value>
                <![CDATA[[TestResult name=gmaillogintest status=SKIP method=gmailtest.gmaillogintest()[pri:0, instance:com.rameshsoft.automation.appln.bussinessscripts.gmailtest@77e4c80f] output={null}]]]>
              </value>
            </param>
          </params>
          <reporter-output>
          </reporter-output>
        </test-method> <!-- aftertcexecution -->
        <test-method status="PASS" signature="beforetcexecution(java.lang.reflect.Method)[pri:0, instance:com.rameshsoft.automation.appln.bussinessscripts.gmailtest@77e4c80f]" name="beforetcexecution" is-config="true" duration-ms="1" started-at="2022-03-04T14:02:25 IST" finished-at="2022-03-04T14:02:25 IST">
          <params>
            <param index="0">
              <value>
                <![CDATA[public void com.rameshsoft.automation.appln.bussinessscripts.gmailtest.gmaillogintest()]]>
              </value>
            </param>
          </params>
          <reporter-output>
          </reporter-output>
        </test-method> <!-- beforetcexecution -->
        <test-method status="FAIL" signature="gmaillogintest()[pri:0, instance:com.rameshsoft.automation.appln.bussinessscripts.gmailtest@77e4c80f]" name="gmaillogintest" duration-ms="55599" started-at="2022-03-04T14:02:25 IST" finished-at="2022-03-04T14:03:20 IST">
          <exception class="org.openqa.selenium.NoSuchElementException">
            <message>
              <![CDATA[no such element: Unable to locate element: {"method":"css selector","selector":"#identifierId"}
  (Session info: chrome=99.0.4844.51)
For documentation on this error, please visit: http://seleniumhq.org/exceptions/no_such_element.html
Build info: version: 'unknown', revision: 'unknown', time: 'unknown'
System info: host: 'LAPTOP-9KUC2J4U', ip: '192.168.43.6', os.name: 'Windows 10', os.arch: 'amd64', os.version: '10.0', java.version: '1.8.0_311'
Driver info: org.openqa.selenium.chrome.ChromeDriver
Capabilities [{networkConnectionEnabled=false, chrome={chromedriverVersion=98.0.4758.80 (7f0488e8ba0d8e019187c6325a16c29d9b7f4989-refs/branch-heads/4758@{#972}), userDataDir=C:\Users\Lenovo\AppData\Local\Temp\scoped_dir14224_221372863}, timeouts={implicit=0.0, pageLoad=300000.0, script=30000.0}, pageLoadStrategy=normal, unhandledPromptBehavior=dismiss and notify, strictFileInteractability=false, platform=ANY, proxy=Proxy(), goog:chromeOptions={debuggerAddress=localhost:55212}, webauthn:extension:credBlob=true, acceptInsecureCerts=false, browserVersion=99.0.4844.51, browserName=chrome, javascriptEnabled=true, platformName=windows, setWindowRect=true, webauthn:extension:largeBlob=true, webauthn:virtualAuthenticators=true}]
Session ID: b7c025b8757c3b5486a98356e86d7580
*** Element info: {Using=id, value=identifierId}]]>
            </message>
            <full-stacktrace>
              <![CDATA[org.openqa.selenium.NoSuchElementException: no such element: Unable to locate element: {"method":"css selector","selector":"#identifierId"}
  (Session info: chrome=99.0.4844.51)
For documentation on this error, please visit: http://seleniumhq.org/exceptions/no_such_element.html
Build info: version: 'unknown', revision: 'unknown', time: 'unknown'
System info: host: 'LAPTOP-9KUC2J4U', ip: '192.168.43.6', os.name: 'Windows 10', os.arch: 'amd64', os.version: '10.0', java.version: '1.8.0_311'
Driver info: org.openqa.selenium.chrome.ChromeDriver
Capabilities [{networkConnectionEnabled=false, chrome={chromedriverVersion=98.0.4758.80 (7f0488e8ba0d8e019187c6325a16c29d9b7f4989-refs/branch-heads/4758@{#972}), userDataDir=C:\Users\Lenovo\AppData\Local\Temp\scoped_dir14224_221372863}, timeouts={implicit=0.0, pageLoad=300000.0, script=30000.0}, pageLoadStrategy=normal, unhandledPromptBehavior=dismiss and notify, strictFileInteractability=false, platform=ANY, proxy=Proxy(), goog:chromeOptions={debuggerAddress=localhost:55212}, webauthn:extension:credBlob=true, acceptInsecureCerts=false, browserVersion=99.0.4844.51, browserName=chrome, javascriptEnabled=true, platformName=windows, setWindowRect=true, webauthn:extension:largeBlob=true, webauthn:virtualAuthenticators=true}]
Session ID: b7c025b8757c3b5486a98356e86d7580
*** Element info: {Using=id, value=identifierId}
at sun.reflect.NativeConstructorAccessorImpl.newInstance0(Native Method)
at sun.reflect.NativeConstructorAccessorImpl.newInstance(Unknown Source)
at sun.reflect.DelegatingConstructorAccessorImpl.newInstance(Unknown Source)
at java.lang.reflect.Constructor.newInstance(Unknown Source)
at org.openqa.selenium.remote.http.W3CHttpResponseCodec.createException(W3CHttpResponseCodec.java:185)
at org.openqa.selenium.remote.http.W3CHttpResponseCodec.decode(W3CHttpResponseCodec.java:120)
at org.openqa.selenium.remote.http.W3CHttpResponseCodec.decode(W3CHttpResponseCodec.java:49)
at org.openqa.selenium.remote.HttpCommandExecutor.execute(HttpCommandExecutor.java:164)
at org.openqa.selenium.remote.service.DriverCommandExecutor.execute(DriverCommandExecutor.java:82)
at org.openqa.selenium.remote.RemoteWebDriver.execute(RemoteWebDriver.java:641)
at org.openqa.selenium.remote.RemoteWebDriver.findElement(RemoteWebDriver.java:414)
at org.openqa.selenium.remote.RemoteWebDriver.findElementById(RemoteWebDriver.java:457)
at org.openqa.selenium.By$ById.findElement(By.java:218)
at org.openqa.selenium.remote.RemoteWebDriver.findElement(RemoteWebDriver.java:406)
at com.rameshsoft.automation.appln.bussinessscripts.gmailtest.gmaillogintest(gmailtest.java:15)
at sun.reflect.NativeMethodAccessorImpl.invoke0(Native Method)
at sun.reflect.NativeMethodAccessorImpl.invoke(Unknown Source)
at sun.reflect.DelegatingMethodAccessorImpl.invoke(Unknown Source)
at java.lang.reflect.Method.invoke(Unknown Source)
at org.testng.internal.MethodInvocationHelper.invokeMethod(MethodInvocationHelper.java:133)
at org.testng.internal.TestInvoker.invokeMethod(TestInvoker.java:598)
at org.testng.internal.TestInvoker.retryFailed(TestInvoker.java:213)
at org.testng.internal.MethodRunner.runInSequence(MethodRunner.java:58)
at org.testng.internal.TestInvoker$MethodInvocationAgent.invoke(TestInvoker.java:824)
at org.testng.internal.TestInvoker.invokeTestMethods(TestInvoker.java:146)
at org.testng.internal.TestMethodWorker.invokeTestMethods(TestMethodWorker.java:146)
at org.testng.internal.TestMethodWorker.run(TestMethodWorker.java:128)
at java.util.ArrayList.forEach(Unknown Source)
at org.testng.TestRunner.privateRun(TestRunner.java:794)
at org.testng.TestRunner.run(TestRunner.java:596)
at org.testng.SuiteRunner.runTest(SuiteRunner.java:377)
at org.testng.SuiteRunner.runSequentially(SuiteRunner.java:371)
at org.testng.SuiteRunner.privateRun(SuiteRunner.java:332)
at org.testng.SuiteRunner.run(SuiteRunner.java:276)
at org.testng.SuiteRunnerWorker.runSuite(SuiteRunnerWorker.java:53)
at org.testng.SuiteRunnerWorker.run(SuiteRunnerWorker.java:96)
at org.testng.TestNG.runSuitesSequentially(TestNG.java:1212)
at org.testng.TestNG.runSuitesLocally(TestNG.java:1134)
at org.testng.TestNG.runSuites(TestNG.java:1063)
at org.testng.TestNG.run(TestNG.java:1031)
at org.testng.remote.AbstractRemoteTestNG.run(AbstractRemoteTestNG.java:115)
at org.testng.remote.RemoteTestNG.initAndRun(RemoteTestNG.java:251)
at org.testng.remote.RemoteTestNG.main(RemoteTestNG.java:77)
]]>
            </full-stacktrace>
          </exception> <!-- org.openqa.selenium.NoSuchElementException -->
          <reporter-output>
          </reporter-output>
        </test-method> <!-- gmaillogintest -->
        <test-method status="PASS" signature="aftertcexecution(org.testng.ITestResult)[pri:0, instance:com.rameshsoft.automation.appln.bussinessscripts.gmailtest@77e4c80f]" name="aftertcexecution" is-config="true" duration-ms="838" started-at="2022-03-04T14:03:20 IST" finished-at="2022-03-04T14:03:21 IST">
          <params>
            <param index="0">
              <value>
                <![CDATA[[TestResult name=gmaillogintest status=FAILURE method=gmailtest.gmaillogintest()[pri:0, instance:com.rameshsoft.automation.appln.bussinessscripts.gmailtest@77e4c80f] output={null}]]]>
              </value>
            </param>
          </params>
          <reporter-output>
          </reporter-output>
        </test-method> <!-- aftertcexecution -->
      </class> <!-- com.rameshsoft.automation.appln.bussinessscripts.gmailtest -->
      <class name="com.rameshsoft.automation.appln.bussinessscripts.fptest">
        <test-method status="PASS" signature="beforetcexecution(java.lang.reflect.Method)[pri:0, instance:com.rameshsoft.automation.appln.bussinessscripts.fptest@351d0846]" name="beforetcexecution" is-config="true" duration-ms="2" started-at="2022-03-04T14:00:47 IST" finished-at="2022-03-04T14:00:47 IST">
          <params>
            <param index="0">
              <value>
                <![CDATA[public void com.rameshsoft.automation.appln.bussinessscripts.fptest.flpkrttest()]]>
              </value>
            </param>
          </params>
          <reporter-output>
          </reporter-output>
        </test-method> <!-- beforetcexecution -->
        <test-method status="PASS" signature="flpkrttest()[pri:0, instance:com.rameshsoft.automation.appln.bussinessscripts.fptest@351d0846]" name="flpkrttest" duration-ms="36695" started-at="2022-03-04T14:00:47 IST" finished-at="2022-03-04T14:01:23 IST">
          <reporter-output>
          </reporter-output>
        </test-method> <!-- flpkrttest -->
        <test-method status="PASS" signature="aftertcexecution(org.testng.ITestResult)[pri:0, instance:com.rameshsoft.automation.appln.bussinessscripts.fptest@351d0846]" name="aftertcexecution" is-config="true" duration-ms="1" started-at="2022-03-04T14:01:23 IST" finished-at="2022-03-04T14:01:23 IST">
          <params>
            <param index="0">
              <value>
                <![CDATA[[TestResult name=flpkrttest status=SUCCESS method=fptest.flpkrttest()[pri:0, instance:com.rameshsoft.automation.appln.bussinessscripts.fptest@351d0846] output={null}]]]>
              </value>
            </param>
          </params>
          <reporter-output>
          </reporter-output>
        </test-method> <!-- aftertcexecution -->
      </class> <!-- com.rameshsoft.automation.appln.bussinessscripts.fptest -->
      <class name="com.rameshsoft.automation.appln.bussinessscripts.InstTest">
        <test-method status="PASS" signature="openbrowser(java.lang.String)[pri:0, instance:com.rameshsoft.automation.appln.bussinessscripts.InstTest@345965f2]" name="openbrowser" is-config="true" duration-ms="7264" started-at="2022-03-04T14:00:07 IST" finished-at="2022-03-04T14:00:15 IST">
          <params>
            <param index="0">
              <value>
                <![CDATA[chrome]]>
              </value>
            </param>
          </params>
          <reporter-output>
          </reporter-output>
        </test-method> <!-- openbrowser -->
        <test-method status="PASS" signature="beforetcexecution(java.lang.reflect.Method)[pri:0, instance:com.rameshsoft.automation.appln.bussinessscripts.InstTest@345965f2]" name="beforetcexecution" is-config="true" duration-ms="4" started-at="2022-03-04T14:00:15 IST" finished-at="2022-03-04T14:00:15 IST">
          <params>
            <param index="0">
              <value>
                <![CDATA[public void com.rameshsoft.automation.appln.bussinessscripts.InstTest.instTest()]]>
              </value>
            </param>
          </params>
          <reporter-output>
          </reporter-output>
        </test-method> <!-- beforetcexecution -->
        <test-method status="PASS" signature="instTest()[pri:0, instance:com.rameshsoft.automation.appln.bussinessscripts.InstTest@345965f2]" name="instTest" duration-ms="31965" started-at="2022-03-04T14:00:15 IST" finished-at="2022-03-04T14:00:47 IST">
          <reporter-output>
          </reporter-output>
        </test-method> <!-- instTest -->
        <test-method status="PASS" signature="aftertcexecution(org.testng.ITestResult)[pri:0, instance:com.rameshsoft.automation.appln.bussinessscripts.InstTest@345965f2]" name="aftertcexecution" is-config="true" duration-ms="3" started-at="2022-03-04T14:00:47 IST" finished-at="2022-03-04T14:00:47 IST">
          <params>
            <param index="0">
              <value>
                <![CDATA[[TestResult name=instTest status=SUCCESS method=InstTest.instTest()[pri:0, instance:com.rameshsoft.automation.appln.bussinessscripts.InstTest@345965f2] output={null}]]]>
              </value>
            </param>
          </params>
          <reporter-output>
          </reporter-output>
        </test-method> <!-- aftertcexecution -->
        <test-method status="PASS" signature="closebrowser()[pri:0, instance:com.rameshsoft.automation.appln.bussinessscripts.InstTest@345965f2]" name="closebrowser" is-config="true" duration-ms="394" started-at="2022-03-04T14:03:25 IST" finished-at="2022-03-04T14:03:26 IST">
          <reporter-output>
          </reporter-output>
        </test-method> <!-- closebrowser -->
      </class> <!-- com.rameshsoft.automation.appln.bussinessscripts.InstTest -->
    </test> <!-- Test -->
  </suite> <!-- Suite -->
</testng-results>
