<?xml version="1.0" encoding="UTF-8"?>
<!-- Generated by org.testng.reporters.JUnitReportReporter -->
<testsuite skipped="5" hostname="LAPTOP-9KUC2J4U" name="com.rameshsoft.automation.listners.retrytest" tests="6" failures="0" timestamp="2022-02-09T18:48:25 IST" time="0.309" errors="1">
  <testcase name="Login" time="0.027" classname="com.rameshsoft.automation.listners.retrytest">
    <skipped/>
  </testcase> <!-- Login -->
  <system-out/>
  <testcase name="Login" time="0.024" classname="com.rameshsoft.automation.listners.retrytest">
    <skipped/>
  </testcase> <!-- Login -->
  <system-out/>
  <testcase name="Login" time="0.028" classname="com.rameshsoft.automation.listners.retrytest">
    <error type="java.lang.IllegalStateException" message="The driver executable does not exist: H:\JAVA Workspace\retrylistner\ H:\JAVA Workspace\retrylistner\drivers\chromedriver.exe">
      <![CDATA[java.lang.IllegalStateException: The driver executable does not exist: H:\JAVA Workspace\retrylistner\ H:\JAVA Workspace\retrylistner\drivers\chromedriver.exe
at com.google.common.base.Preconditions.checkState(Preconditions.java:530)
at org.openqa.selenium.remote.service.DriverService.checkExecutable(DriverService.java:136)
at org.openqa.selenium.remote.service.DriverService.findExecutable(DriverService.java:131)
at org.openqa.selenium.chrome.ChromeDriverService.access$000(ChromeDriverService.java:32)
at org.openqa.selenium.chrome.ChromeDriverService$Builder.findDefaultExecutable(ChromeDriverService.java:137)
at org.openqa.selenium.remote.service.DriverService$Builder.build(DriverService.java:329)
at org.openqa.selenium.chrome.ChromeDriverService.createDefaultService(ChromeDriverService.java:88)
at org.openqa.selenium.chrome.ChromeDriver.<init>(ChromeDriver.java:124)
at com.rameshsoft.automation.listners.retrytest.Login(retrytest.java:18)
at sun.reflect.NativeMethodAccessorImpl.invoke0(Native Method)
at sun.reflect.NativeMethodAccessorImpl.invoke(Unknown Source)
at sun.reflect.DelegatingMethodAccessorImpl.invoke(Unknown Source)
at java.lang.reflect.Method.invoke(Unknown Source)
at org.testng.internal.MethodInvocationHelper.invokeMethod(MethodInvocationHelper.java:133)
at org.testng.internal.TestInvoker.invokeMethod(TestInvoker.java:598)
at org.testng.internal.TestInvoker.retryFailed(TestInvoker.java:213)
at org.testng.internal.MethodRunner.runInSequence(MethodRunner.java:58)
at org.testng.internal.TestInvoker$MethodInvocationAgent.invoke(TestInvoker.java:824)
at org.testng.internal.TestInvoker.invokeTestMethods(TestInvoker.java:146)
at org.testng.internal.TestMethodWorker.invokeTestMethods(TestMethodWorker.java:146)
at org.testng.internal.TestMethodWorker.run(TestMethodWorker.java:128)
at java.util.ArrayList.forEach(Unknown Source)
at org.testng.TestRunner.privateRun(TestRunner.java:794)
at org.testng.TestRunner.run(TestRunner.java:596)
at org.testng.SuiteRunner.runTest(SuiteRunner.java:377)
at org.testng.SuiteRunner.runSequentially(SuiteRunner.java:371)
at org.testng.SuiteRunner.privateRun(SuiteRunner.java:332)
at org.testng.SuiteRunner.run(SuiteRunner.java:276)
at org.testng.SuiteRunnerWorker.runSuite(SuiteRunnerWorker.java:53)
at org.testng.SuiteRunnerWorker.run(SuiteRunnerWorker.java:96)
at org.testng.TestNG.runSuitesSequentially(TestNG.java:1212)
at org.testng.TestNG.runSuitesLocally(TestNG.java:1134)
at org.testng.TestNG.runSuites(TestNG.java:1063)
at org.testng.TestNG.run(TestNG.java:1031)
at org.testng.remote.AbstractRemoteTestNG.run(AbstractRemoteTestNG.java:115)
at org.testng.remote.RemoteTestNG.initAndRun(RemoteTestNG.java:251)
at org.testng.remote.RemoteTestNG.main(RemoteTestNG.java:77)
]]>
    </error>
  </testcase> <!-- Login -->
  <system-out/>
  <testcase name="Login" time="0.022" classname="com.rameshsoft.automation.listners.retrytest">
    <skipped/>
  </testcase> <!-- Login -->
  <system-out/>
  <testcase name="Login" time="0.185" classname="com.rameshsoft.automation.listners.retrytest">
    <skipped/>
  </testcase> <!-- Login -->
  <system-out/>
  <testcase name="Login" time="0.023" classname="com.rameshsoft.automation.listners.retrytest">
    <skipped/>
  </testcase> <!-- Login -->
  <system-out/>
</testsuite> <!-- com.rameshsoft.automation.listners.retrytest -->
