<?xml version="1.0" encoding="UTF-8"?>
<!-- Generated by org.testng.reporters.JUnitXMLReporter -->
<testsuite hostname="LAPTOP-9KUC2J4U" ignored="12" name="Test" tests="4" failures="1" timestamp="2022-02-27T13:15:18 IST" time="48.976" errors="0">
  <testcase name="gmaillogintest" time="15.519" classname="com.rameshsoft.automation.appln.bussinessscripts.gmailtest"/>
  <testcase name="fbtest" time="4.08" classname="com.rameshsoft.automation.appln.bussinessscripts.fbtest"/>
  <testcase name="flpkrttest" time="19.302" classname="com.rameshsoft.automation.appln.bussinessscripts.fptest"/>
  <testcase name="instTest" time="5.103" classname="com.rameshsoft.automation.appln.bussinessscripts.InstTest">
    <failure type="org.openqa.selenium.WebDriverException" message="unknown error: net::ERR_CONNECTION_CLOSED
  (Session info: chrome=98.0.4758.102)
  (Driver info: chromedriver=98.0.4758.80 (7f0488e8ba0d8e019187c6325a16c29d9b7f4989-refs/branch-heads/4758@{#972}),platform=Windows NT 10.0.19044 x86_64) (WARNING: The server did not provide any stacktrace information)
Command duration or timeout: 5.05 seconds
Build info: version: &amp;apos;2.45.0&amp;apos;, revision: &amp;apos;32a636c&amp;apos;, time: &amp;apos;2015-03-05 22:01:35&amp;apos;
System info: host: &amp;apos;LAPTOP-9KUC2J4U&amp;apos;, ip: &amp;apos;192.168.43.6&amp;apos;, os.name: &amp;apos;Windows 10&amp;apos;, os.arch: &amp;apos;amd64&amp;apos;, os.version: &amp;apos;10.0&amp;apos;, java.version: &amp;apos;1.8.0_311&amp;apos;
Driver info: org.openqa.selenium.chrome.ChromeDriver
Capabilities [{mobileEmulationEnabled=false, timeouts={implicit=0, pageLoad=300000, script=30000}, hasTouchScreen=false, platform=XP, acceptSslCerts=false, goog:chromeOptions={debuggerAddress=localhost:49470}, webauthn:extension:credBlob=true, acceptInsecureCerts=false, webStorageEnabled=true, browserName=chrome, takesScreenshot=true, javascriptEnabled=true, setWindowRect=true, webauthn:extension:largeBlob=true, unexpectedAlertBehaviour=ignore, rotatable=false, networkConnectionEnabled=false, chrome={chromedriverVersion=98.0.4758.80 (7f0488e8ba0d8e019187c6325a16c29d9b7f4989-refs/branch-heads/4758@{#972}), userDataDir=C:\Users\Lenovo\AppData\Local\Temp\scoped_dir3032_320750008}, takesHeapSnapshot=true, pageLoadStrategy=normal, strictFileInteractability=false, databaseEnabled=false, handlesAlerts=true, version=98.0.4758.102, browserConnectionEnabled=false, proxy={}, nativeEvents=true, locationContextEnabled=true, cssSelectorsEnabled=true, webauthn:virtualAuthenticators=true}]
Session ID: 7866f5265771352cb24843bec2019bd6">
      <![CDATA[org.openqa.selenium.WebDriverException: unknown error: net::ERR_CONNECTION_CLOSED
  (Session info: chrome=98.0.4758.102)
  (Driver info: chromedriver=98.0.4758.80 (7f0488e8ba0d8e019187c6325a16c29d9b7f4989-refs/branch-heads/4758@{#972}),platform=Windows NT 10.0.19044 x86_64) (WARNING: The server did not provide any stacktrace information)
Command duration or timeout: 5.05 seconds
Build info: version: '2.45.0', revision: '32a636c', time: '2015-03-05 22:01:35'
System info: host: 'LAPTOP-9KUC2J4U', ip: '192.168.43.6', os.name: 'Windows 10', os.arch: 'amd64', os.version: '10.0', java.version: '1.8.0_311'
Driver info: org.openqa.selenium.chrome.ChromeDriver
Capabilities [{mobileEmulationEnabled=false, timeouts={implicit=0, pageLoad=300000, script=30000}, hasTouchScreen=false, platform=XP, acceptSslCerts=false, goog:chromeOptions={debuggerAddress=localhost:49470}, webauthn:extension:credBlob=true, acceptInsecureCerts=false, webStorageEnabled=true, browserName=chrome, takesScreenshot=true, javascriptEnabled=true, setWindowRect=true, webauthn:extension:largeBlob=true, unexpectedAlertBehaviour=ignore, rotatable=false, networkConnectionEnabled=false, chrome={chromedriverVersion=98.0.4758.80 (7f0488e8ba0d8e019187c6325a16c29d9b7f4989-refs/branch-heads/4758@{#972}), userDataDir=C:\Users\Lenovo\AppData\Local\Temp\scoped_dir3032_320750008}, takesHeapSnapshot=true, pageLoadStrategy=normal, strictFileInteractability=false, databaseEnabled=false, handlesAlerts=true, version=98.0.4758.102, browserConnectionEnabled=false, proxy={}, nativeEvents=true, locationContextEnabled=true, cssSelectorsEnabled=true, webauthn:virtualAuthenticators=true}]
Session ID: 7866f5265771352cb24843bec2019bd6
at org.openqa.selenium.remote.ErrorHandler.createThrowable(ErrorHandler.java:204)
at org.openqa.selenium.remote.ErrorHandler.throwIfResponseFailed(ErrorHandler.java:156)
at org.openqa.selenium.remote.RemoteWebDriver.execute(RemoteWebDriver.java:599)
at org.openqa.selenium.remote.RemoteWebDriver.get(RemoteWebDriver.java:304)
at com.rameshsoft.automation.appln.bussinessscripts.InstTest.instTest(InstTest.java:23)
at java.util.ArrayList.forEach(Unknown Source)
... Removed 31 stack frames]]>
    </failure>
  </testcase> <!-- instTest -->
  <testcase name="@BeforeTest initTeports" time="0.0" classname="com.rameshsoft.automation.base.basetest">
    <ignored/>
  </testcase> <!-- @BeforeTest initTeports -->
  <testcase name="@BeforeTest initTeports" time="0.0" classname="com.rameshsoft.automation.base.basetest">
    <ignored/>
  </testcase> <!-- @BeforeTest initTeports -->
  <testcase name="@BeforeTest initTeports" time="0.0" classname="com.rameshsoft.automation.base.basetest">
    <ignored/>
  </testcase> <!-- @BeforeTest initTeports -->
  <testcase name="@AfterTest generateReports" time="0.0" classname="com.rameshsoft.automation.base.basetest">
    <ignored/>
  </testcase> <!-- @AfterTest generateReports -->
  <testcase name="@AfterTest generateReports" time="0.0" classname="com.rameshsoft.automation.base.basetest">
    <ignored/>
  </testcase> <!-- @AfterTest generateReports -->
  <testcase name="@AfterTest generateReports" time="0.0" classname="com.rameshsoft.automation.base.basetest">
    <ignored/>
  </testcase> <!-- @AfterTest generateReports -->
  <testcase name="@AfterSuite closebrowser" time="0.0" classname="com.rameshsoft.automation.base.basetest">
    <ignored/>
  </testcase> <!-- @AfterSuite closebrowser -->
  <testcase name="@AfterSuite closebrowser" time="0.0" classname="com.rameshsoft.automation.base.basetest">
    <ignored/>
  </testcase> <!-- @AfterSuite closebrowser -->
  <testcase name="@AfterSuite closebrowser" time="0.0" classname="com.rameshsoft.automation.base.basetest">
    <ignored/>
  </testcase> <!-- @AfterSuite closebrowser -->
  <testcase name="@BeforeSuite openbrowser" time="0.0" classname="com.rameshsoft.automation.base.basetest">
    <ignored/>
  </testcase> <!-- @BeforeSuite openbrowser -->
  <testcase name="@BeforeSuite openbrowser" time="0.0" classname="com.rameshsoft.automation.base.basetest">
    <ignored/>
  </testcase> <!-- @BeforeSuite openbrowser -->
  <testcase name="@BeforeSuite openbrowser" time="0.0" classname="com.rameshsoft.automation.base.basetest">
    <ignored/>
  </testcase> <!-- @BeforeSuite openbrowser -->
</testsuite> <!-- Test -->
