<?xml version="1.0" encoding="UTF-8"?>
<!-- Generated by org.testng.reporters.JUnitXMLReporter -->
<testsuite hostname="LAPTOP-9KUC2J4U" ignored="6" name="Test" tests="4" failures="1" timestamp="2022-02-09T16:43:08 IST" time="71.903" errors="0">
  <testcase name="instTest" time="6.709" classname="com.rameshsoft.automation.appln.bussinessscripts.InstTest"/>
  <testcase name="flpkrttest" time="7.391" classname="com.rameshsoft.automation.appln.bussinessscripts.fptest"/>
  <testcase name="gmaillogintest" time="54.677" classname="com.rameshsoft.automation.appln.bussinessscripts.gmailtest">
    <failure type="org.openqa.selenium.NoSuchElementException" message="no such element: Unable to locate element: {&amp;quot;method&amp;quot;:&amp;quot;css selector&amp;quot;,&amp;quot;selector&amp;quot;:&amp;quot;#identifierNext123&amp;quot;}
  (Session info: chrome=97.0.4692.99)
For documentation on this error, please visit: http://seleniumhq.org/exceptions/no_such_element.html
Build info: version: &amp;apos;unknown&amp;apos;, revision: &amp;apos;unknown&amp;apos;, time: &amp;apos;unknown&amp;apos;
System info: host: &amp;apos;LAPTOP-9KUC2J4U&amp;apos;, ip: &amp;apos;192.168.164.150&amp;apos;, os.name: &amp;apos;Windows 10&amp;apos;, os.arch: &amp;apos;amd64&amp;apos;, os.version: &amp;apos;10.0&amp;apos;, java.version: &amp;apos;1.8.0_311&amp;apos;
Driver info: org.openqa.selenium.chrome.ChromeDriver
Capabilities [{networkConnectionEnabled=false, chrome={chromedriverVersion=96.0.4664.45 (76e4c1bb2ab4671b8beba3444e61c0f17584b2fc-refs/branch-heads/4664@{#947}), userDataDir=C:\Users\Lenovo\AppData\Local\Temp\scoped_dir3996_1261908993}, timeouts={implicit=0.0, pageLoad=300000.0, script=30000.0}, pageLoadStrategy=normal, unhandledPromptBehavior=dismiss and notify, strictFileInteractability=false, platform=ANY, proxy=Proxy(), goog:chromeOptions={debuggerAddress=localhost:52318}, webauthn:extension:credBlob=true, acceptInsecureCerts=false, browserVersion=97.0.4692.99, browserName=chrome, javascriptEnabled=true, platformName=windows, setWindowRect=true, webauthn:extension:largeBlob=true, webauthn:virtualAuthenticators=true}]
Session ID: 16aff74ba2035f1aa8b5799054b5ce32
*** Element info: {Using=id, value=identifierNext123}">
      <![CDATA[org.openqa.selenium.NoSuchElementException: no such element: Unable to locate element: {"method":"css selector","selector":"#identifierNext123"}
  (Session info: chrome=97.0.4692.99)
For documentation on this error, please visit: http://seleniumhq.org/exceptions/no_such_element.html
Build info: version: 'unknown', revision: 'unknown', time: 'unknown'
System info: host: 'LAPTOP-9KUC2J4U', ip: '192.168.164.150', os.name: 'Windows 10', os.arch: 'amd64', os.version: '10.0', java.version: '1.8.0_311'
Driver info: org.openqa.selenium.chrome.ChromeDriver
Capabilities [{networkConnectionEnabled=false, chrome={chromedriverVersion=96.0.4664.45 (76e4c1bb2ab4671b8beba3444e61c0f17584b2fc-refs/branch-heads/4664@{#947}), userDataDir=C:\Users\Lenovo\AppData\Local\Temp\scoped_dir3996_1261908993}, timeouts={implicit=0.0, pageLoad=300000.0, script=30000.0}, pageLoadStrategy=normal, unhandledPromptBehavior=dismiss and notify, strictFileInteractability=false, platform=ANY, proxy=Proxy(), goog:chromeOptions={debuggerAddress=localhost:52318}, webauthn:extension:credBlob=true, acceptInsecureCerts=false, browserVersion=97.0.4692.99, browserName=chrome, javascriptEnabled=true, platformName=windows, setWindowRect=true, webauthn:extension:largeBlob=true, webauthn:virtualAuthenticators=true}]
Session ID: 16aff74ba2035f1aa8b5799054b5ce32
*** Element info: {Using=id, value=identifierNext123}
at org.openqa.selenium.remote.http.W3CHttpResponseCodec.createException(W3CHttpResponseCodec.java:185)
at org.openqa.selenium.remote.http.W3CHttpResponseCodec.decode(W3CHttpResponseCodec.java:120)
at org.openqa.selenium.remote.http.W3CHttpResponseCodec.decode(W3CHttpResponseCodec.java:49)
at org.openqa.selenium.remote.HttpCommandExecutor.execute(HttpCommandExecutor.java:164)
at org.openqa.selenium.remote.service.DriverCommandExecutor.execute(DriverCommandExecutor.java:82)
at org.openqa.selenium.remote.RemoteWebDriver.execute(RemoteWebDriver.java:641)
at org.openqa.selenium.remote.RemoteWebDriver.findElement(RemoteWebDriver.java:414)
at org.openqa.selenium.remote.RemoteWebDriver.findElementById(RemoteWebDriver.java:457)
at org.openqa.selenium.By$ById.findElement(By.java:218)
at org.openqa.selenium.remote.RemoteWebDriver.findElement(RemoteWebDriver.java:406)
at com.rameshsoft.automation.appln.bussinessscripts.gmailtest.gmaillogintest(gmailtest.java:17)
at java.util.ArrayList.forEach(Unknown Source)
... Removed 31 stack frames]]>
    </failure>
  </testcase> <!-- gmaillogintest -->
  <testcase name="fbtest" time="2.606" classname="com.rameshsoft.automation.appln.bussinessscripts.fbtest"/>
  <testcase name="@AfterSuite closebrowser" time="0.0" classname="com.rameshsoft.automation.base.basetest">
    <ignored/>
  </testcase> <!-- @AfterSuite closebrowser -->
  <testcase name="@AfterSuite closebrowser" time="0.0" classname="com.rameshsoft.automation.base.basetest">
    <ignored/>
  </testcase> <!-- @AfterSuite closebrowser -->
  <testcase name="@AfterSuite closebrowser" time="0.0" classname="com.rameshsoft.automation.base.basetest">
    <ignored/>
  </testcase> <!-- @AfterSuite closebrowser -->
  <testcase name="@BeforeSuite openbrowser" time="0.0" classname="com.rameshsoft.automation.base.basetest">
    <ignored/>
  </testcase> <!-- @BeforeSuite openbrowser -->
  <testcase name="@BeforeSuite openbrowser" time="0.0" classname="com.rameshsoft.automation.base.basetest">
    <ignored/>
  </testcase> <!-- @BeforeSuite openbrowser -->
  <testcase name="@BeforeSuite openbrowser" time="0.0" classname="com.rameshsoft.automation.base.basetest">
    <ignored/>
  </testcase> <!-- @BeforeSuite openbrowser -->
</testsuite> <!-- Test -->
