<?xml version="1.0" encoding="UTF-8"?>
<!-- Generated by org.testng.reporters.JUnitXMLReporter -->
<testsuite hostname="LAPTOP-9KUC2J4U" ignored="4" name="Test" tests="3" failures="1" timestamp="2022-02-06T22:52:53 IST" time="72.876" errors="0">
  <testcase name="instTest" time="11.779" classname="com.ram.automation.ramesh"/>
  <testcase name="gmailtest" time="57.79" classname="com.ram.automation.gmail">
    <failure type="org.openqa.selenium.NoSuchElementException" message="no such element: Unable to locate element: {&amp;quot;method&amp;quot;:&amp;quot;css selector&amp;quot;,&amp;quot;selector&amp;quot;:&amp;quot;#identifierNext2&amp;quot;}
  (Session info: chrome=97.0.4692.99)
For documentation on this error, please visit: http://seleniumhq.org/exceptions/no_such_element.html
Build info: version: &amp;apos;unknown&amp;apos;, revision: &amp;apos;unknown&amp;apos;, time: &amp;apos;unknown&amp;apos;
System info: host: &amp;apos;LAPTOP-9KUC2J4U&amp;apos;, ip: &amp;apos;192.168.151.150&amp;apos;, os.name: &amp;apos;Windows 10&amp;apos;, os.arch: &amp;apos;amd64&amp;apos;, os.version: &amp;apos;10.0&amp;apos;, java.version: &amp;apos;1.8.0_311&amp;apos;
Driver info: org.openqa.selenium.chrome.ChromeDriver
Capabilities [{networkConnectionEnabled=false, chrome={chromedriverVersion=96.0.4664.45 (76e4c1bb2ab4671b8beba3444e61c0f17584b2fc-refs/branch-heads/4664@{#947}), userDataDir=C:\Users\Lenovo\AppData\Local\Temp\scoped_dir11660_1182814076}, timeouts={implicit=0.0, pageLoad=300000.0, script=30000.0}, pageLoadStrategy=normal, unhandledPromptBehavior=dismiss and notify, strictFileInteractability=false, platform=ANY, proxy=Proxy(), goog:chromeOptions={debuggerAddress=localhost:51312}, webauthn:extension:credBlob=true, acceptInsecureCerts=false, browserVersion=97.0.4692.99, browserName=chrome, javascriptEnabled=true, platformName=windows, setWindowRect=true, webauthn:extension:largeBlob=true, webauthn:virtualAuthenticators=true}]
Session ID: bcd6112c8561f90059e584f87d5256bc
*** Element info: {Using=id, value=identifierNext2}">
      <![CDATA[org.openqa.selenium.NoSuchElementException: no such element: Unable to locate element: {"method":"css selector","selector":"#identifierNext2"}
  (Session info: chrome=97.0.4692.99)
For documentation on this error, please visit: http://seleniumhq.org/exceptions/no_such_element.html
Build info: version: 'unknown', revision: 'unknown', time: 'unknown'
System info: host: 'LAPTOP-9KUC2J4U', ip: '192.168.151.150', os.name: 'Windows 10', os.arch: 'amd64', os.version: '10.0', java.version: '1.8.0_311'
Driver info: org.openqa.selenium.chrome.ChromeDriver
Capabilities [{networkConnectionEnabled=false, chrome={chromedriverVersion=96.0.4664.45 (76e4c1bb2ab4671b8beba3444e61c0f17584b2fc-refs/branch-heads/4664@{#947}), userDataDir=C:\Users\Lenovo\AppData\Local\Temp\scoped_dir11660_1182814076}, timeouts={implicit=0.0, pageLoad=300000.0, script=30000.0}, pageLoadStrategy=normal, unhandledPromptBehavior=dismiss and notify, strictFileInteractability=false, platform=ANY, proxy=Proxy(), goog:chromeOptions={debuggerAddress=localhost:51312}, webauthn:extension:credBlob=true, acceptInsecureCerts=false, browserVersion=97.0.4692.99, browserName=chrome, javascriptEnabled=true, platformName=windows, setWindowRect=true, webauthn:extension:largeBlob=true, webauthn:virtualAuthenticators=true}]
Session ID: bcd6112c8561f90059e584f87d5256bc
*** Element info: {Using=id, value=identifierNext2}
at org.openqa.selenium.remote.http.W3CHttpResponseCodec.createException(W3CHttpResponseCodec.java:185)
at org.openqa.selenium.remote.http.W3CHttpResponseCodec.decode(W3CHttpResponseCodec.java:120)
at org.openqa.selenium.remote.http.W3CHttpResponseCodec.decode(W3CHttpResponseCodec.java:49)
at org.openqa.selenium.remote.HttpCommandExecutor.execute(HttpCommandExecutor.java:164)
at org.openqa.selenium.remote.service.DriverCommandExecutor.execute(DriverCommandExecutor.java:82)
at org.openqa.selenium.remote.RemoteWebDriver.execute(RemoteWebDriver.java:641)
at org.openqa.selenium.remote.RemoteWebDriver.findElement(RemoteWebDriver.java:414)
at org.openqa.selenium.remote.RemoteWebDriver.findElementById(RemoteWebDriver.java:457)
at org.openqa.selenium.By$ById.findElement(By.java:218)
at org.openqa.selenium.remote.RemoteWebDriver.findElement(RemoteWebDriver.java:406)
at com.ram.automation.gmail.gmailtest(gmail.java:16)
at java.util.ArrayList.forEach(Unknown Source)
... Removed 31 stack frames]]>
    </failure>
  </testcase> <!-- gmailtest -->
  <testcase name="fbtest" time="2.775" classname="com.ram.automation.fb"/>
  <testcase name="@BeforeSuite openbrowser" time="0.0" classname="com.ram.automation.appln.basetest">
    <ignored/>
  </testcase> <!-- @BeforeSuite openbrowser -->
  <testcase name="@BeforeSuite openbrowser" time="0.0" classname="com.ram.automation.appln.basetest">
    <ignored/>
  </testcase> <!-- @BeforeSuite openbrowser -->
  <testcase name="@AfterSuite closebrowser" time="0.0" classname="com.ram.automation.appln.basetest">
    <ignored/>
  </testcase> <!-- @AfterSuite closebrowser -->
  <testcase name="@AfterSuite closebrowser" time="0.0" classname="com.ram.automation.appln.basetest">
    <ignored/>
  </testcase> <!-- @AfterSuite closebrowser -->
</testsuite> <!-- Test -->
